0:0:0:0:0:0:0:1 -  -  [15/十一月/2016:20:15:18 +0800] "GET /XueBaStore/web/html/login.html HTTP/1.1" 404 1395 
0:0:0:0:0:0:0:1 -  -  [15/十一月/2016:20:15:18 +0800] "GET /favicon.ico HTTP/1.1" 200 1150 
0:0:0:0:0:0:0:1 -  -  [15/十一月/2016:20:15:31 +0800] "GET /XueBaStore/web/js/page/login.js HTTP/1.1" 304 0 
0:0:0:0:0:0:0:1 -  -  [15/十一月/2016:20:15:34 +0800] "POST /XueBaStore/api/admin/login HTTP/1.1" 200 206 
0:0:0:0:0:0:0:1 -  -  [15/十一月/2016:20:15:35 +0800] "GET /XueBaStore/web/html/index.html HTTP/1.1" 304 0 
0:0:0:0:0:0:0:1 -  -  [15/十一月/2016:20:15:35 +0800] "GET /XueBaStore/web/css/page/users/users.css HTTP/1.1" 304 0 
0:0:0:0:0:0:0:1 -  -  [15/十一月/2016:20:15:35 +0800] "GET /XueBaStore/web/js/page/flights/flights.js HTTP/1.1" 304 0 
0:0:0:0:0:0:0:1 -  -  [15/十一月/2016:20:15:35 +0800] "GET /XueBaStore/web/js/common/global.js HTTP/1.1" 304 0 
0:0:0:0:0:0:0:1 -  -  [15/十一月/2016:20:15:35 +0800] "GET /XueBaStore/web/js/common/router.js HTTP/1.1" 304 0 
0:0:0:0:0:0:0:1 -  -  [15/十一月/2016:20:15:35 +0800] "GET /XueBaStore/web/js/page/users/users.js HTTP/1.1" 304 0 
0:0:0:0:0:0:0:1 -  -  [15/十一月/2016:20:15:35 +0800] "GET /XueBaStore/web/html/common/header.html HTTP/1.1" 304 0 
0:0:0:0:0:0:0:1 -  -  [15/十一月/2016:20:15:35 +0800] "GET /XueBaStore/web/html/page/users/users.html HTTP/1.1" 304 0 
0:0:0:0:0:0:0:1 -  -  [15/十一月/2016:20:15:35 +0800] "GET /XueBaStore/api/user/query HTTP/1.1" 200 715 
0:0:0:0:0:0:0:1 -  -  [15/十一月/2016:20:15:40 +0800] "GET /XueBaStore/web/html/page/flights/flights.html HTTP/1.1" 304 0 
0:0:0:0:0:0:0:1 -  -  [15/十一月/2016:20:15:40 +0800] "GET /XueBaStore/api/flight/query HTTP/1.1" 200 955 
0:0:0:0:0:0:0:1 -  -  [15/十一月/2016:20:15:49 +0800] "GET /XueBaStore/web/html/page/users/addStore.html HTTP/1.1" 304 0 
0:0:0:0:0:0:0:1 -  -  [15/十一月/2016:20:15:51 +0800] "GET /XueBaStore/api/flight/query HTTP/1.1" 200 955 
0:0:0:0:0:0:0:1 -  -  [15/十一月/2016:20:15:54 +0800] "PATCH /XueBaStore/api/flight/update HTTP/1.1" 200 295 
0:0:0:0:0:0:0:1 -  -  [15/十一月/2016:20:16:03 +0800] "GET /XueBaStore/api/flight/query HTTP/1.1" 200 955 
0:0:0:0:0:0:0:1 -  -  [15/十一月/2016:20:16:05 +0800] "GET /XueBaStore/api/user/query HTTP/1.1" 200 715 
0:0:0:0:0:0:0:1 -  -  [15/十一月/2016:20:16:10 +0800] "GET /XueBaStore/api/admin/loginOut HTTP/1.1" 200 62 
